[debug] [2019-09-20T08:41:55.580Z] ----------------------------------------------------------------------
[debug] [2019-09-20T08:41:55.634Z] Command:       C:\Program Files\nodejs\node.exe C:\Users\OYELAMI ABDULHAFEEZ\AppData\Roaming\npm\node_modules\firebase-tools\lib\bin\firebase.js deploy
[debug] [2019-09-20T08:41:55.635Z] CLI Version:   7.3.2
[debug] [2019-09-20T08:41:55.635Z] Platform:      win32
[debug] [2019-09-20T08:41:55.636Z] Node Version:  v12.7.0
[debug] [2019-09-20T08:41:56.577Z] Time:          Fri Sep 20 2019 09:41:55 GMT+0100 (West Africa Standard Time)
[debug] [2019-09-20T08:41:56.578Z] ----------------------------------------------------------------------
[debug] 
[debug] [2019-09-20T08:41:56.825Z] > command requires scopes: ["email","openid","https://www.googleapis.com/auth/cloudplatformprojects.readonly","https://www.googleapis.com/auth/firebase","https://www.googleapis.com/auth/cloud-platform"]
[debug] [2019-09-20T08:41:56.828Z] > authorizing via signed-in user
[debug] [2019-09-20T08:41:56.828Z] [iam] checking project socialgram-b5c73 for permissions ["cloudfunctions.functions.create","cloudfunctions.functions.delete","cloudfunctions.functions.get","cloudfunctions.functions.list","cloudfunctions.functions.update","cloudfunctions.operations.get","firebase.projects.get"]
[debug] [2019-09-20T08:41:56.835Z] > refreshing access token with scopes: ["email","https://www.googleapis.com/auth/cloud-platform","https://www.googleapis.com/auth/cloudplatformprojects.readonly","https://www.googleapis.com/auth/firebase","openid"]
[debug] [2019-09-20T08:41:56.835Z] >>> HTTP REQUEST POST https://www.googleapis.com/oauth2/v3/token  
 <request body omitted>
[debug] [2019-09-20T08:41:59.880Z] <<< HTTP RESPONSE 200
[debug] [2019-09-20T08:42:00.219Z] >>> HTTP REQUEST POST https://cloudresourcemanager.googleapis.com/v1/projects/socialgram-b5c73:testIamPermissions  

[debug] [2019-09-20T08:42:02.269Z] <<< HTTP RESPONSE 200
[info] 
[info] === Deploying to 'socialgram-b5c73'...
[info] 
[info] i  deploying functions
[debug] [2019-09-20T08:43:32.609Z] > [functions] package.json contents: {
  "name": "functions",
  "description": "Cloud Functions for Firebase",
  "scripts": {
    "serve": "firebase serve --only functions",
    "shell": "firebase functions:shell",
    "start": "npm run shell",
    "deploy": "firebase deploy --only functions",
    "logs": "firebase functions:log"
  },
  "engines": {
    "node": "10"
  },
  "dependencies": {
    "busboy": "^0.3.1",
    "express": "^4.17.1",
    "firebase": "^6.6.1",
    "firebase-admin": "^8.0.0",
    "firebase-functions": "^3.2.0"
  },
  "devDependencies": {
    "firebase-functions-test": "^0.1.6"
  },
  "private": true
}
[info] i  functions: ensuring necessary APIs are enabled...
[debug] [2019-09-20T08:43:32.770Z] >>> HTTP REQUEST GET https://serviceusage.googleapis.com/v1/projects/socialgram-b5c73/services/cloudfunctions.googleapis.com  
 
[debug] [2019-09-20T08:43:32.774Z] >>> HTTP REQUEST GET https://serviceusage.googleapis.com/v1/projects/socialgram-b5c73/services/runtimeconfig.googleapis.com  
 
[debug] [2019-09-20T08:43:34.486Z] <<< HTTP RESPONSE 200
[info] +  functions: all necessary APIs are enabled
[debug] [2019-09-20T08:43:34.618Z] <<< HTTP RESPONSE 200
[debug] [2019-09-20T08:43:34.619Z] >>> HTTP REQUEST GET https://firebase.googleapis.com/v1beta1/projects/socialgram-b5c73/adminSdkConfig  
 
